<?xml version="1.0" encoding="UTF-8"?>
<!-- Generated by org.testng.reporters.JUnitReportReporter -->
<testsuite hostname="DESKTOP-I3QQCQL" failures="0" tests="1" name="driverFactory.AppTest" time="15.451" errors="0" timestamp="2024-12-07T11:44:11 IST" skipped="0">
  <testcase classname="driverFactory.AppTest" name="startTest" time="15.451"/>
  <system-out/>
</testsuite> <!-- driverFactory.AppTest -->
