<?xml version="1.0" encoding="UTF-8"?>
<!-- Generated by org.testng.reporters.JUnitReportReporter -->
<testsuite hostname="DESKTOP-I3QQCQL" failures="0" tests="1" name="driverFactory.AppTest" time="19.227" errors="0" timestamp="2024-12-07T12:13:17 IST" skipped="0">
  <testcase classname="driverFactory.AppTest" name="startTest" time="19.227"/>
</testsuite> <!-- driverFactory.AppTest -->
